2018-08-09 09:02:56.540  INFO [eureka-consumer-ribbon,,,] 6728 --- [main] e.EurekaConsumerRibbonHystrixApplication : No active profile set, falling back to default profiles: default
2018-08-09 09:02:56.682  INFO [eureka-consumer-ribbon,,,] 6728 --- [main] ConfigServletWebServerApplicationContext : Refreshing org.springframework.boot.web.servlet.context.AnnotationConfigServletWebServerApplicationContext@14bee915: startup date [Thu Aug 09 09:02:56 CST 2018]; parent: org.springframework.context.annotation.AnnotationConfigApplicationContext@74fe5c40
2018-08-09 09:03:03.560  INFO [eureka-consumer-ribbon,,,] 6728 --- [main] o.s.cloud.context.scope.GenericScope     : BeanFactory id=7c9bc391-0d48-392c-96aa-f5e894b6ee2b
2018-08-09 09:03:03.599  INFO [eureka-consumer-ribbon,,,] 6728 --- [main] f.a.AutowiredAnnotationBeanPostProcessor : JSR-330 'javax.inject.Inject' annotation found and supported for autowiring
2018-08-09 09:03:04.337  INFO [eureka-consumer-ribbon,,,] 6728 --- [main] trationDelegate$BeanPostProcessorChecker : Bean 'org.springframework.cloud.autoconfigure.ConfigurationPropertiesRebinderAutoConfiguration' of type [org.springframework.cloud.autoconfigure.ConfigurationPropertiesRebinderAutoConfiguration$$EnhancerBySpringCGLIB$$8e3da736] is not eligible for getting processed by all BeanPostProcessors (for example: not eligible for auto-proxying)
2018-08-09 09:03:05.367  INFO [eureka-consumer-ribbon,,,] 6728 --- [main] o.s.b.w.embedded.tomcat.TomcatWebServer  : Tomcat initialized with port(s): 2201 (http)
2018-08-09 09:03:05.443  INFO [eureka-consumer-ribbon,,,] 6728 --- [main] o.apache.catalina.core.StandardService   : Starting service [Tomcat]
2018-08-09 09:03:05.444  INFO [eureka-consumer-ribbon,,,] 6728 --- [main] org.apache.catalina.core.StandardEngine  : Starting Servlet Engine: Apache Tomcat/8.5.31
2018-08-09 09:03:05.467  INFO [eureka-consumer-ribbon,,,] 6728 --- [localhost-startStop-1] o.a.catalina.core.AprLifecycleListener   : The APR based Apache Tomcat Native library which allows optimal performance in production environments was not found on the java.library.path: [D:\Program Files\Java\jdk1.8.0_181\bin;C:\Windows\Sun\Java\bin;C:\Windows\system32;C:\Windows;D:/Program Files/Java/jre1.8.0_181/bin/server;D:/Program Files/Java/jre1.8.0_181/bin;D:/Program Files/Java/jre1.8.0_181/lib/amd64;C:\Program Files (x86)\Common Files\Oracle\Java\javapath;C:\Program Files (x86)\Common Files\NetSarang;D:\Program Files\Java\jdk1.8.0_181\bin; D:\Program Files\Java\jdk1.8.0_181\jre\bin;D:\app\phfund\product\11.2.0\client_1\bin;C:\Windows\system32;C:\Windows;C:\Windows\System32\Wbem;C:\Windows\System32\WindowsPowerShell\v1.0\;D:\Program Files\TortoiseSVN\bin;D:\ORACLE\instantclient_11_2;C:\Program Files\nodejs\;D:\0_maven\apache-maven-3.5.3\bin\;C:\Program Files (x86)\Common Files\NetSarang;C:\Program Files\Java\jdk1.7.0_79\bin; C:\Program Files\Java\jdk1.7.0_79\jre\bin;D:\app\phfund\product\11.2.0\client_1\bin;C:\Windows\system32;C:\Windows;C:\Windows\System32\Wbem;C:\Windows\System32\WindowsPowerShell\v1.0\;D:\Program Files\TortoiseSVN\bin;D:\ORACLE\instantclient_11_2;c:\Users\x_lilong\AppData\Local\Programs\Git\cmd;C:\Users\x_lilong\AppData\Roaming\npm;D:\0_1\0\自开发\eclipse;;.]
2018-08-09 09:03:05.861  INFO [eureka-consumer-ribbon,,,] 6728 --- [localhost-startStop-1] o.a.c.c.C.[Tomcat].[localhost].[/]       : Initializing Spring embedded WebApplicationContext
2018-08-09 09:03:05.861  INFO [eureka-consumer-ribbon,,,] 6728 --- [localhost-startStop-1] o.s.web.context.ContextLoader            : Root WebApplicationContext: initialization completed in 9179 ms
2018-08-09 09:03:06.648  WARN [eureka-consumer-ribbon,,,] 6728 --- [localhost-startStop-1] c.n.c.sources.URLConfigurationSource     : No URLs will be polled as dynamic configuration sources.
2018-08-09 09:03:06.648  INFO [eureka-consumer-ribbon,,,] 6728 --- [localhost-startStop-1] c.n.c.sources.URLConfigurationSource     : To enable URLs as dynamic configuration sources, define System property archaius.configurationSource.additionalUrls or make config.properties available on classpath.
2018-08-09 09:03:06.699  INFO [eureka-consumer-ribbon,,,] 6728 --- [localhost-startStop-1] c.netflix.config.DynamicPropertyFactory  : DynamicPropertyFactory is initialized with configuration sources: com.netflix.config.ConcurrentCompositeConfiguration@51dcfc66
2018-08-09 09:03:17.819  INFO [eureka-consumer-ribbon,,,] 6728 --- [localhost-startStop-1] o.s.b.w.servlet.FilterRegistrationBean   : Mapping filter: 'characterEncodingFilter' to: [/*]
2018-08-09 09:03:17.820  INFO [eureka-consumer-ribbon,,,] 6728 --- [localhost-startStop-1] o.s.b.w.servlet.FilterRegistrationBean   : Mapping filter: 'tracingFilter' to: [/*]
2018-08-09 09:03:17.820  INFO [eureka-consumer-ribbon,,,] 6728 --- [localhost-startStop-1] o.s.b.w.servlet.FilterRegistrationBean   : Mapping filter: 'exceptionLoggingFilter' to: [/*]
2018-08-09 09:03:17.820  INFO [eureka-consumer-ribbon,,,] 6728 --- [localhost-startStop-1] o.s.b.w.servlet.FilterRegistrationBean   : Mapping filter: 'hiddenHttpMethodFilter' to: [/*]
2018-08-09 09:03:17.820  INFO [eureka-consumer-ribbon,,,] 6728 --- [localhost-startStop-1] o.s.b.w.servlet.FilterRegistrationBean   : Mapping filter: 'httpPutFormContentFilter' to: [/*]
2018-08-09 09:03:17.820  INFO [eureka-consumer-ribbon,,,] 6728 --- [localhost-startStop-1] o.s.b.w.servlet.FilterRegistrationBean   : Mapping filter: 'requestContextFilter' to: [/*]
2018-08-09 09:03:17.821  INFO [eureka-consumer-ribbon,,,] 6728 --- [localhost-startStop-1] o.s.b.w.servlet.FilterRegistrationBean   : Mapping filter: 'httpTraceFilter' to: [/*]
2018-08-09 09:03:17.821  INFO [eureka-consumer-ribbon,,,] 6728 --- [localhost-startStop-1] o.s.b.w.servlet.FilterRegistrationBean   : Mapping filter: 'webMvcMetricsFilter' to: [/*]
2018-08-09 09:03:17.821  INFO [eureka-consumer-ribbon,,,] 6728 --- [localhost-startStop-1] o.s.b.w.servlet.ServletRegistrationBean  : Servlet dispatcherServlet mapped to [/]
2018-08-09 09:03:17.824  INFO [eureka-consumer-ribbon,,,] 6728 --- [localhost-startStop-1] o.s.b.a.e.web.ServletEndpointRegistrar   : Registered '/actuator/hystrix.stream' to hystrix.stream-actuator-endpoint
2018-08-09 09:03:20.288  WARN [eureka-consumer-ribbon,,,] 6728 --- [main] c.n.c.sources.URLConfigurationSource     : No URLs will be polled as dynamic configuration sources.
2018-08-09 09:03:20.288  INFO [eureka-consumer-ribbon,,,] 6728 --- [main] c.n.c.sources.URLConfigurationSource     : To enable URLs as dynamic configuration sources, define System property archaius.configurationSource.additionalUrls or make config.properties available on classpath.
2018-08-09 09:03:20.919  INFO [eureka-consumer-ribbon,,,] 6728 --- [main] o.s.w.s.handler.SimpleUrlHandlerMapping  : Mapped URL path [/**/favicon.ico] onto handler of type [class org.springframework.web.servlet.resource.ResourceHttpRequestHandler]
2018-08-09 09:03:22.927  INFO [eureka-consumer-ribbon,,,] 6728 --- [main] s.w.s.m.m.a.RequestMappingHandlerAdapter : Looking for @ControllerAdvice: org.springframework.boot.web.servlet.context.AnnotationConfigServletWebServerApplicationContext@14bee915: startup date [Thu Aug 09 09:02:56 CST 2018]; parent: org.springframework.context.annotation.AnnotationConfigApplicationContext@74fe5c40
2018-08-09 09:03:23.682  INFO [eureka-consumer-ribbon,,,] 6728 --- [main] s.w.s.m.m.a.RequestMappingHandlerMapping : Mapped "{[/consumer],methods=[GET]}" onto public java.lang.String com.example.eurekaconsumerribbonhystrix.controller.DcController.dc()
2018-08-09 09:03:23.686  INFO [eureka-consumer-ribbon,,,] 6728 --- [main] s.w.s.m.m.a.RequestMappingHandlerMapping : Mapped "{[/error]}" onto public org.springframework.http.ResponseEntity<java.util.Map<java.lang.String, java.lang.Object>> org.springframework.boot.autoconfigure.web.servlet.error.BasicErrorController.error(javax.servlet.http.HttpServletRequest)
2018-08-09 09:03:23.688  INFO [eureka-consumer-ribbon,,,] 6728 --- [main] s.w.s.m.m.a.RequestMappingHandlerMapping : Mapped "{[/error],produces=[text/html]}" onto public org.springframework.web.servlet.ModelAndView org.springframework.boot.autoconfigure.web.servlet.error.BasicErrorController.errorHtml(javax.servlet.http.HttpServletRequest,javax.servlet.http.HttpServletResponse)
2018-08-09 09:03:23.761  INFO [eureka-consumer-ribbon,,,] 6728 --- [main] o.s.w.s.handler.SimpleUrlHandlerMapping  : Mapped URL path [/webjars/**] onto handler of type [class org.springframework.web.servlet.resource.ResourceHttpRequestHandler]
2018-08-09 09:03:23.762  INFO [eureka-consumer-ribbon,,,] 6728 --- [main] o.s.w.s.handler.SimpleUrlHandlerMapping  : Mapped URL path [/**] onto handler of type [class org.springframework.web.servlet.resource.ResourceHttpRequestHandler]
2018-08-09 09:03:27.601  WARN [eureka-consumer-ribbon,,,] 6728 --- [main] arterDeprecationWarningAutoConfiguration : spring-cloud-starter-eureka is deprecated as of Spring Cloud Netflix 1.4.0, please migrate to spring-cloud-starter-netflix-eureka
2018-08-09 09:03:27.649  INFO [eureka-consumer-ribbon,,,] 6728 --- [main] o.s.b.a.e.web.EndpointLinksResolver      : Exposing 20 endpoint(s) beneath base path '/actuator'
2018-08-09 09:03:27.666  INFO [eureka-consumer-ribbon,,,] 6728 --- [main] s.b.a.e.w.s.WebMvcEndpointHandlerMapping : Mapped "{[/actuator/archaius],methods=[GET],produces=[application/vnd.spring-boot.actuator.v2+json || application/json]}" onto public java.lang.Object org.springframework.boot.actuate.endpoint.web.servlet.AbstractWebMvcEndpointHandlerMapping$OperationHandler.handle(javax.servlet.http.HttpServletRequest,java.util.Map<java.lang.String, java.lang.String>)
2018-08-09 09:03:27.667  INFO [eureka-consumer-ribbon,,,] 6728 --- [main] s.b.a.e.w.s.WebMvcEndpointHandlerMapping : Mapped "{[/actuator/auditevents],methods=[GET],produces=[application/vnd.spring-boot.actuator.v2+json || application/json]}" onto public java.lang.Object org.springframework.boot.actuate.endpoint.web.servlet.AbstractWebMvcEndpointHandlerMapping$OperationHandler.handle(javax.servlet.http.HttpServletRequest,java.util.Map<java.lang.String, java.lang.String>)
2018-08-09 09:03:27.667  INFO [eureka-consumer-ribbon,,,] 6728 --- [main] s.b.a.e.w.s.WebMvcEndpointHandlerMapping : Mapped "{[/actuator/beans],methods=[GET],produces=[application/vnd.spring-boot.actuator.v2+json || application/json]}" onto public java.lang.Object org.springframework.boot.actuate.endpoint.web.servlet.AbstractWebMvcEndpointHandlerMapping$OperationHandler.handle(javax.servlet.http.HttpServletRequest,java.util.Map<java.lang.String, java.lang.String>)
2018-08-09 09:03:27.668  INFO [eureka-consumer-ribbon,,,] 6728 --- [main] s.b.a.e.w.s.WebMvcEndpointHandlerMapping : Mapped "{[/actuator/health],methods=[GET],produces=[application/vnd.spring-boot.actuator.v2+json || application/json]}" onto public java.lang.Object org.springframework.boot.actuate.endpoint.web.servlet.AbstractWebMvcEndpointHandlerMapping$OperationHandler.handle(javax.servlet.http.HttpServletRequest,java.util.Map<java.lang.String, java.lang.String>)
2018-08-09 09:03:27.668  INFO [eureka-consumer-ribbon,,,] 6728 --- [main] s.b.a.e.w.s.WebMvcEndpointHandlerMapping : Mapped "{[/actuator/conditions],methods=[GET],produces=[application/vnd.spring-boot.actuator.v2+json || application/json]}" onto public java.lang.Object org.springframework.boot.actuate.endpoint.web.servlet.AbstractWebMvcEndpointHandlerMapping$OperationHandler.handle(javax.servlet.http.HttpServletRequest,java.util.Map<java.lang.String, java.lang.String>)
2018-08-09 09:03:27.669  INFO [eureka-consumer-ribbon,,,] 6728 --- [main] s.b.a.e.w.s.WebMvcEndpointHandlerMapping : Mapped "{[/actuator/configprops],methods=[GET],produces=[application/vnd.spring-boot.actuator.v2+json || application/json]}" onto public java.lang.Object org.springframework.boot.actuate.endpoint.web.servlet.AbstractWebMvcEndpointHandlerMapping$OperationHandler.handle(javax.servlet.http.HttpServletRequest,java.util.Map<java.lang.String, java.lang.String>)
2018-08-09 09:03:27.670  INFO [eureka-consumer-ribbon,,,] 6728 --- [main] s.b.a.e.w.s.WebMvcEndpointHandlerMapping : Mapped "{[/actuator/env],methods=[GET],produces=[application/vnd.spring-boot.actuator.v2+json || application/json]}" onto public java.lang.Object org.springframework.boot.actuate.endpoint.web.servlet.AbstractWebMvcEndpointHandlerMapping$OperationHandler.handle(javax.servlet.http.HttpServletRequest,java.util.Map<java.lang.String, java.lang.String>)
2018-08-09 09:03:27.671  INFO [eureka-consumer-ribbon,,,] 6728 --- [main] s.b.a.e.w.s.WebMvcEndpointHandlerMapping : Mapped "{[/actuator/env/{toMatch}],methods=[GET],produces=[application/vnd.spring-boot.actuator.v2+json || application/json]}" onto public java.lang.Object org.springframework.boot.actuate.endpoint.web.servlet.AbstractWebMvcEndpointHandlerMapping$OperationHandler.handle(javax.servlet.http.HttpServletRequest,java.util.Map<java.lang.String, java.lang.String>)
2018-08-09 09:03:27.672  INFO [eureka-consumer-ribbon,,,] 6728 --- [main] s.b.a.e.w.s.WebMvcEndpointHandlerMapping : Mapped "{[/actuator/env],methods=[POST],consumes=[application/vnd.spring-boot.actuator.v2+json || application/json],produces=[application/vnd.spring-boot.actuator.v2+json || application/json]}" onto public java.lang.Object org.springframework.boot.actuate.endpoint.web.servlet.AbstractWebMvcEndpointHandlerMapping$OperationHandler.handle(javax.servlet.http.HttpServletRequest,java.util.Map<java.lang.String, java.lang.String>)
2018-08-09 09:03:27.672  INFO [eureka-consumer-ribbon,,,] 6728 --- [main] s.b.a.e.w.s.WebMvcEndpointHandlerMapping : Mapped "{[/actuator/env],methods=[DELETE],produces=[application/vnd.spring-boot.actuator.v2+json || application/json]}" onto public java.lang.Object org.springframework.boot.actuate.endpoint.web.servlet.AbstractWebMvcEndpointHandlerMapping$OperationHandler.handle(javax.servlet.http.HttpServletRequest,java.util.Map<java.lang.String, java.lang.String>)
2018-08-09 09:03:27.673  INFO [eureka-consumer-ribbon,,,] 6728 --- [main] s.b.a.e.w.s.WebMvcEndpointHandlerMapping : Mapped "{[/actuator/info],methods=[GET],produces=[application/vnd.spring-boot.actuator.v2+json || application/json]}" onto public java.lang.Object org.springframework.boot.actuate.endpoint.web.servlet.AbstractWebMvcEndpointHandlerMapping$OperationHandler.handle(javax.servlet.http.HttpServletRequest,java.util.Map<java.lang.String, java.lang.String>)
2018-08-09 09:03:27.673  INFO [eureka-consumer-ribbon,,,] 6728 --- [main] s.b.a.e.w.s.WebMvcEndpointHandlerMapping : Mapped "{[/actuator/logfile],methods=[GET],produces=[application/octet-stream]}" onto public java.lang.Object org.springframework.boot.actuate.endpoint.web.servlet.AbstractWebMvcEndpointHandlerMapping$OperationHandler.handle(javax.servlet.http.HttpServletRequest,java.util.Map<java.lang.String, java.lang.String>)
2018-08-09 09:03:27.674  INFO [eureka-consumer-ribbon,,,] 6728 --- [main] s.b.a.e.w.s.WebMvcEndpointHandlerMapping : Mapped "{[/actuator/loggers/{name}],methods=[POST],consumes=[application/vnd.spring-boot.actuator.v2+json || application/json]}" onto public java.lang.Object org.springframework.boot.actuate.endpoint.web.servlet.AbstractWebMvcEndpointHandlerMapping$OperationHandler.handle(javax.servlet.http.HttpServletRequest,java.util.Map<java.lang.String, java.lang.String>)
2018-08-09 09:03:27.674  INFO [eureka-consumer-ribbon,,,] 6728 --- [main] s.b.a.e.w.s.WebMvcEndpointHandlerMapping : Mapped "{[/actuator/loggers],methods=[GET],produces=[application/vnd.spring-boot.actuator.v2+json || application/json]}" onto public java.lang.Object org.springframework.boot.actuate.endpoint.web.servlet.AbstractWebMvcEndpointHandlerMapping$OperationHandler.handle(javax.servlet.http.HttpServletRequest,java.util.Map<java.lang.String, java.lang.String>)
2018-08-09 09:03:27.674  INFO [eureka-consumer-ribbon,,,] 6728 --- [main] s.b.a.e.w.s.WebMvcEndpointHandlerMapping : Mapped "{[/actuator/loggers/{name}],methods=[GET],produces=[application/vnd.spring-boot.actuator.v2+json || application/json]}" onto public java.lang.Object org.springframework.boot.actuate.endpoint.web.servlet.AbstractWebMvcEndpointHandlerMapping$OperationHandler.handle(javax.servlet.http.HttpServletRequest,java.util.Map<java.lang.String, java.lang.String>)
2018-08-09 09:03:27.675  INFO [eureka-consumer-ribbon,,,] 6728 --- [main] s.b.a.e.w.s.WebMvcEndpointHandlerMapping : Mapped "{[/actuator/heapdump],methods=[GET],produces=[application/octet-stream]}" onto public java.lang.Object org.springframework.boot.actuate.endpoint.web.servlet.AbstractWebMvcEndpointHandlerMapping$OperationHandler.handle(javax.servlet.http.HttpServletRequest,java.util.Map<java.lang.String, java.lang.String>)
2018-08-09 09:03:27.675  INFO [eureka-consumer-ribbon,,,] 6728 --- [main] s.b.a.e.w.s.WebMvcEndpointHandlerMapping : Mapped "{[/actuator/threaddump],methods=[GET],produces=[application/vnd.spring-boot.actuator.v2+json || application/json]}" onto public java.lang.Object org.springframework.boot.actuate.endpoint.web.servlet.AbstractWebMvcEndpointHandlerMapping$OperationHandler.handle(javax.servlet.http.HttpServletRequest,java.util.Map<java.lang.String, java.lang.String>)
2018-08-09 09:03:27.676  INFO [eureka-consumer-ribbon,,,] 6728 --- [main] s.b.a.e.w.s.WebMvcEndpointHandlerMapping : Mapped "{[/actuator/metrics/{requiredMetricName}],methods=[GET],produces=[application/vnd.spring-boot.actuator.v2+json || application/json]}" onto public java.lang.Object org.springframework.boot.actuate.endpoint.web.servlet.AbstractWebMvcEndpointHandlerMapping$OperationHandler.handle(javax.servlet.http.HttpServletRequest,java.util.Map<java.lang.String, java.lang.String>)
2018-08-09 09:03:27.676  INFO [eureka-consumer-ribbon,,,] 6728 --- [main] s.b.a.e.w.s.WebMvcEndpointHandlerMapping : Mapped "{[/actuator/metrics],methods=[GET],produces=[application/vnd.spring-boot.actuator.v2+json || application/json]}" onto public java.lang.Object org.springframework.boot.actuate.endpoint.web.servlet.AbstractWebMvcEndpointHandlerMapping$OperationHandler.handle(javax.servlet.http.HttpServletRequest,java.util.Map<java.lang.String, java.lang.String>)
2018-08-09 09:03:27.676  INFO [eureka-consumer-ribbon,,,] 6728 --- [main] s.b.a.e.w.s.WebMvcEndpointHandlerMapping : Mapped "{[/actuator/scheduledtasks],methods=[GET],produces=[application/vnd.spring-boot.actuator.v2+json || application/json]}" onto public java.lang.Object org.springframework.boot.actuate.endpoint.web.servlet.AbstractWebMvcEndpointHandlerMapping$OperationHandler.handle(javax.servlet.http.HttpServletRequest,java.util.Map<java.lang.String, java.lang.String>)
2018-08-09 09:03:27.679  INFO [eureka-consumer-ribbon,,,] 6728 --- [main] s.b.a.e.w.s.WebMvcEndpointHandlerMapping : Mapped "{[/actuator/httptrace],methods=[GET],produces=[application/vnd.spring-boot.actuator.v2+json || application/json]}" onto public java.lang.Object org.springframework.boot.actuate.endpoint.web.servlet.AbstractWebMvcEndpointHandlerMapping$OperationHandler.handle(javax.servlet.http.HttpServletRequest,java.util.Map<java.lang.String, java.lang.String>)
2018-08-09 09:03:27.679  INFO [eureka-consumer-ribbon,,,] 6728 --- [main] s.b.a.e.w.s.WebMvcEndpointHandlerMapping : Mapped "{[/actuator/mappings],methods=[GET],produces=[application/vnd.spring-boot.actuator.v2+json || application/json]}" onto public java.lang.Object org.springframework.boot.actuate.endpoint.web.servlet.AbstractWebMvcEndpointHandlerMapping$OperationHandler.handle(javax.servlet.http.HttpServletRequest,java.util.Map<java.lang.String, java.lang.String>)
2018-08-09 09:03:27.680  INFO [eureka-consumer-ribbon,,,] 6728 --- [main] s.b.a.e.w.s.WebMvcEndpointHandlerMapping : Mapped "{[/actuator/refresh],methods=[POST],produces=[application/vnd.spring-boot.actuator.v2+json || application/json]}" onto public java.lang.Object org.springframework.boot.actuate.endpoint.web.servlet.AbstractWebMvcEndpointHandlerMapping$OperationHandler.handle(javax.servlet.http.HttpServletRequest,java.util.Map<java.lang.String, java.lang.String>)
2018-08-09 09:03:27.680  INFO [eureka-consumer-ribbon,,,] 6728 --- [main] s.b.a.e.w.s.WebMvcEndpointHandlerMapping : Mapped "{[/actuator/features],methods=[GET],produces=[application/vnd.spring-boot.actuator.v2+json || application/json]}" onto public java.lang.Object org.springframework.boot.actuate.endpoint.web.servlet.AbstractWebMvcEndpointHandlerMapping$OperationHandler.handle(javax.servlet.http.HttpServletRequest,java.util.Map<java.lang.String, java.lang.String>)
2018-08-09 09:03:27.680  INFO [eureka-consumer-ribbon,,,] 6728 --- [main] s.b.a.e.w.s.WebMvcEndpointHandlerMapping : Mapped "{[/actuator/service-registry],methods=[GET],produces=[application/vnd.spring-boot.actuator.v2+json || application/json]}" onto public java.lang.Object org.springframework.boot.actuate.endpoint.web.servlet.AbstractWebMvcEndpointHandlerMapping$OperationHandler.handle(javax.servlet.http.HttpServletRequest,java.util.Map<java.lang.String, java.lang.String>)
2018-08-09 09:03:27.681  INFO [eureka-consumer-ribbon,,,] 6728 --- [main] s.b.a.e.w.s.WebMvcEndpointHandlerMapping : Mapped "{[/actuator/service-registry],methods=[POST],consumes=[application/vnd.spring-boot.actuator.v2+json || application/json],produces=[application/vnd.spring-boot.actuator.v2+json || application/json]}" onto public java.lang.Object org.springframework.boot.actuate.endpoint.web.servlet.AbstractWebMvcEndpointHandlerMapping$OperationHandler.handle(javax.servlet.http.HttpServletRequest,java.util.Map<java.lang.String, java.lang.String>)
2018-08-09 09:03:27.681  INFO [eureka-consumer-ribbon,,,] 6728 --- [main] s.b.a.e.w.s.WebMvcEndpointHandlerMapping : Mapped "{[/actuator],methods=[GET],produces=[application/vnd.spring-boot.actuator.v2+json || application/json]}" onto protected java.util.Map<java.lang.String, java.util.Map<java.lang.String, org.springframework.boot.actuate.endpoint.web.Link>> org.springframework.boot.actuate.endpoint.web.servlet.WebMvcEndpointHandlerMapping.links(javax.servlet.http.HttpServletRequest,javax.servlet.http.HttpServletResponse)
2018-08-09 09:03:27.774  INFO [eureka-consumer-ribbon,,,] 6728 --- [main] o.s.j.e.a.AnnotationMBeanExporter        : Registering beans for JMX exposure on startup
2018-08-09 09:03:27.790  INFO [eureka-consumer-ribbon,,,] 6728 --- [main] o.s.j.e.a.AnnotationMBeanExporter        : Bean with name 'environmentManager' has been autodetected for JMX exposure
2018-08-09 09:03:27.791  INFO [eureka-consumer-ribbon,,,] 6728 --- [main] o.s.j.e.a.AnnotationMBeanExporter        : Bean with name 'configurationPropertiesRebinder' has been autodetected for JMX exposure
2018-08-09 09:03:27.792  INFO [eureka-consumer-ribbon,,,] 6728 --- [main] o.s.j.e.a.AnnotationMBeanExporter        : Bean with name 'refreshScope' has been autodetected for JMX exposure
2018-08-09 09:03:27.797  INFO [eureka-consumer-ribbon,,,] 6728 --- [main] o.s.j.e.a.AnnotationMBeanExporter        : Located managed bean 'environmentManager': registering with JMX server as MBean [org.springframework.cloud.context.environment:name=environmentManager,type=EnvironmentManager]
2018-08-09 09:03:27.811  INFO [eureka-consumer-ribbon,,,] 6728 --- [main] o.s.j.e.a.AnnotationMBeanExporter        : Located managed bean 'refreshScope': registering with JMX server as MBean [org.springframework.cloud.context.scope.refresh:name=refreshScope,type=RefreshScope]
2018-08-09 09:03:27.831  INFO [eureka-consumer-ribbon,,,] 6728 --- [main] o.s.j.e.a.AnnotationMBeanExporter        : Located managed bean 'configurationPropertiesRebinder': registering with JMX server as MBean [org.springframework.cloud.context.properties:name=configurationPropertiesRebinder,context=14bee915,type=ConfigurationPropertiesRebinder]
2018-08-09 09:03:27.850  INFO [eureka-consumer-ribbon,,,] 6728 --- [main] o.s.c.support.DefaultLifecycleProcessor  : Starting beans in phase 0
2018-08-09 09:03:27.865  INFO [eureka-consumer-ribbon,,,] 6728 --- [main] o.s.c.n.eureka.InstanceInfoFactory       : Setting initial instance status as: STARTING
2018-08-09 09:03:27.978  INFO [eureka-consumer-ribbon,,,] 6728 --- [main] com.netflix.discovery.DiscoveryClient    : Initializing Eureka in region us-east-1
2018-08-09 09:03:28.719  INFO [eureka-consumer-ribbon,,,] 6728 --- [main] c.n.d.provider.DiscoveryJerseyProvider   : Using JSON encoding codec LegacyJacksonJson
2018-08-09 09:03:28.719  INFO [eureka-consumer-ribbon,,,] 6728 --- [main] c.n.d.provider.DiscoveryJerseyProvider   : Using JSON decoding codec LegacyJacksonJson
2018-08-09 09:03:29.059  INFO [eureka-consumer-ribbon,,,] 6728 --- [main] c.n.d.provider.DiscoveryJerseyProvider   : Using XML encoding codec XStreamXml
2018-08-09 09:03:29.060  INFO [eureka-consumer-ribbon,,,] 6728 --- [main] c.n.d.provider.DiscoveryJerseyProvider   : Using XML decoding codec XStreamXml
2018-08-09 09:03:29.397  INFO [eureka-consumer-ribbon,,,] 6728 --- [main] c.n.d.s.r.aws.ConfigClusterResolver      : Resolving eureka endpoints via configuration
2018-08-09 09:03:29.483  INFO [eureka-consumer-ribbon,,,] 6728 --- [main] com.netflix.discovery.DiscoveryClient    : Disable delta property : false
2018-08-09 09:03:29.484  INFO [eureka-consumer-ribbon,,,] 6728 --- [main] com.netflix.discovery.DiscoveryClient    : Single vip registry refresh property : null
2018-08-09 09:03:29.484  INFO [eureka-consumer-ribbon,,,] 6728 --- [main] com.netflix.discovery.DiscoveryClient    : Force full registry fetch : false
2018-08-09 09:03:29.484  INFO [eureka-consumer-ribbon,,,] 6728 --- [main] com.netflix.discovery.DiscoveryClient    : Application is null : false
2018-08-09 09:03:29.484  INFO [eureka-consumer-ribbon,,,] 6728 --- [main] com.netflix.discovery.DiscoveryClient    : Registered Applications size is zero : true
2018-08-09 09:03:29.484  INFO [eureka-consumer-ribbon,,,] 6728 --- [main] com.netflix.discovery.DiscoveryClient    : Application version is -1: true
2018-08-09 09:03:29.484  INFO [eureka-consumer-ribbon,,,] 6728 --- [main] com.netflix.discovery.DiscoveryClient    : Getting all instance registry info from the eureka server
2018-08-09 09:03:29.880  INFO [eureka-consumer-ribbon,,,] 6728 --- [main] com.netflix.discovery.DiscoveryClient    : The response status is 200
2018-08-09 09:03:29.886  INFO [eureka-consumer-ribbon,,,] 6728 --- [main] com.netflix.discovery.DiscoveryClient    : Starting heartbeat executor: renew interval is: 1
2018-08-09 09:03:29.890  INFO [eureka-consumer-ribbon,,,] 6728 --- [main] c.n.discovery.InstanceInfoReplicator     : InstanceInfoReplicator onDemand update allowed rate per min is 4
2018-08-09 09:03:29.898  INFO [eureka-consumer-ribbon,,,] 6728 --- [main] com.netflix.discovery.DiscoveryClient    : Discovery Client initialized at timestamp 1533776609896 with initial instances count: 1
2018-08-09 09:03:29.913  INFO [eureka-consumer-ribbon,,,] 6728 --- [main] o.s.c.n.e.s.EurekaServiceRegistry        : Registering application eureka-consumer-ribbon with eureka with status UP
2018-08-09 09:03:29.914  INFO [eureka-consumer-ribbon,,,] 6728 --- [main] com.netflix.discovery.DiscoveryClient    : Saw local status change event StatusChangeEvent [timestamp=1533776609914, current=UP, previous=STARTING]
2018-08-09 09:03:29.926  INFO [eureka-consumer-ribbon,,,] 6728 --- [DiscoveryClient-InstanceInfoReplicator-0] com.netflix.discovery.DiscoveryClient    : DiscoveryClient_EUREKA-CONSUMER-RIBBON/lijiepeng-pc.ad.phfund.com.cn:eureka-consumer-ribbon:2201: registering service...
2018-08-09 09:03:30.214  INFO [eureka-consumer-ribbon,,,] 6728 --- [main] o.s.b.w.embedded.tomcat.TomcatWebServer  : Tomcat started on port(s): 2201 (http) with context path ''
2018-08-09 09:03:30.217  INFO [eureka-consumer-ribbon,,,] 6728 --- [main] .s.c.n.e.s.EurekaAutoServiceRegistration : Updating port to 2201
2018-08-09 09:03:30.235  INFO [eureka-consumer-ribbon,,,] 6728 --- [main] e.EurekaConsumerRibbonHystrixApplication : Started EurekaConsumerRibbonHystrixApplication in 37.171 seconds (JVM running for 39.196)
2018-08-09 09:03:30.332  INFO [eureka-consumer-ribbon,,,] 6728 --- [DiscoveryClient-InstanceInfoReplicator-0] com.netflix.discovery.DiscoveryClient    : DiscoveryClient_EUREKA-CONSUMER-RIBBON/lijiepeng-pc.ad.phfund.com.cn:eureka-consumer-ribbon:2201 - registration status: 204
2018-08-09 09:03:38.658  INFO [eureka-consumer-ribbon,,,] 6728 --- [http-nio-2201-exec-1] o.a.c.c.C.[Tomcat].[localhost].[/]       : Initializing Spring FrameworkServlet 'dispatcherServlet'
2018-08-09 09:03:38.658  INFO [eureka-consumer-ribbon,,,] 6728 --- [http-nio-2201-exec-1] o.s.web.servlet.DispatcherServlet        : FrameworkServlet 'dispatcherServlet': initialization started
2018-08-09 09:03:38.823  INFO [eureka-consumer-ribbon,,,] 6728 --- [http-nio-2201-exec-1] o.s.web.servlet.DispatcherServlet        : FrameworkServlet 'dispatcherServlet': initialization completed in 165 ms
2018-08-09 09:03:39.695  INFO [eureka-consumer-ribbon,0d69aa26f0210513,8654f2a7ae6f29a3,false] 6728 --- [hystrix-ConsumerService-1] c.e.e.controller.DcController            : consumer======start
2018-08-09 09:03:39.754  INFO [eureka-consumer-ribbon,0d69aa26f0210513,02b4cffdf9cb92a5,false] 6728 --- [hystrix-ConsumerService-1] s.c.a.AnnotationConfigApplicationContext : Refreshing SpringClientFactory-eureka-client: startup date [Thu Aug 09 09:03:39 CST 2018]; parent: org.springframework.boot.web.servlet.context.AnnotationConfigServletWebServerApplicationContext@14bee915
2018-08-09 09:03:39.881  INFO [eureka-consumer-ribbon,0d69aa26f0210513,02b4cffdf9cb92a5,false] 6728 --- [hystrix-ConsumerService-1] f.a.AutowiredAnnotationBeanPostProcessor : JSR-330 'javax.inject.Inject' annotation found and supported for autowiring
2018-08-09 09:03:40.410  INFO [eureka-consumer-ribbon,0d69aa26f0210513,02b4cffdf9cb92a5,false] 6728 --- [hystrix-ConsumerService-1] c.netflix.config.ChainedDynamicProperty  : Flipping property: eureka-client.ribbon.ActiveConnectionsLimit to use NEXT property: niws.loadbalancer.availabilityFilteringRule.activeConnectionsLimit = 2147483647
2018-08-09 09:03:40.458  INFO [eureka-consumer-ribbon,0d69aa26f0210513,02b4cffdf9cb92a5,false] 6728 --- [hystrix-ConsumerService-1] c.n.u.concurrent.ShutdownEnabledTimer    : Shutdown hook installed for: NFLoadBalancer-PingTimer-eureka-client
2018-08-09 09:03:40.524  INFO [eureka-consumer-ribbon,0d69aa26f0210513,02b4cffdf9cb92a5,false] 6728 --- [hystrix-ConsumerService-1] c.netflix.loadbalancer.BaseLoadBalancer  : Client: eureka-client instantiated a LoadBalancer: DynamicServerListLoadBalancer:{NFLoadBalancer:name=eureka-client,current list of Servers=[],Load balancer stats=Zone stats: {},Server stats: []}ServerList:null
2018-08-09 09:03:40.535  INFO [eureka-consumer-ribbon,0d69aa26f0210513,02b4cffdf9cb92a5,false] 6728 --- [hystrix-ConsumerService-1] c.n.l.DynamicServerListLoadBalancer      : Using serverListUpdater PollingServerListUpdater
2018-08-09 09:03:40.604  INFO [eureka-consumer-ribbon,0d69aa26f0210513,02b4cffdf9cb92a5,false] 6728 --- [hystrix-ConsumerService-1] c.netflix.config.ChainedDynamicProperty  : Flipping property: eureka-client.ribbon.ActiveConnectionsLimit to use NEXT property: niws.loadbalancer.availabilityFilteringRule.activeConnectionsLimit = 2147483647
2018-08-09 09:03:40.607  INFO [eureka-consumer-ribbon,0d69aa26f0210513,02b4cffdf9cb92a5,false] 6728 --- [hystrix-ConsumerService-1] c.n.l.DynamicServerListLoadBalancer      : DynamicServerListLoadBalancer for client eureka-client initialized: DynamicServerListLoadBalancer:{NFLoadBalancer:name=eureka-client,current list of Servers=[lijiepeng-pc.ad.phfund.com.cn:2001],Load balancer stats=Zone stats: {defaultzone=[Zone:defaultzone;	Instance count:1;	Active connections count: 0;	Circuit breaker tripped count: 0;	Active connections per server: 0.0;]
},Server stats: [[Server:lijiepeng-pc.ad.phfund.com.cn:2001;	Zone:defaultZone;	Total Requests:0;	Successive connection failure:0;	Total blackout seconds:0;	Last connection made:Thu Jan 01 08:00:00 CST 1970;	First connection made: Thu Jan 01 08:00:00 CST 1970;	Active Connections:0;	total failure count in last (1000) msecs:0;	average resp time:0.0;	90 percentile resp time:0.0;	95 percentile resp time:0.0;	min resp time:0.0;	max resp time:0.0;	stddev resp time:0.0]
]}ServerList:org.springframework.cloud.netflix.ribbon.eureka.DomainExtractingServerList@4e5e8bd5
2018-08-09 09:03:41.109  INFO [eureka-consumer-ribbon,f954da9cebc80688,927667343fc9b707,false] 6728 --- [hystrix-ConsumerService-2] c.e.e.controller.DcController            : consumer======start
2018-08-09 09:03:41.540  INFO [eureka-consumer-ribbon,,,] 6728 --- [PollingServerListUpdater-0] c.netflix.config.ChainedDynamicProperty  : Flipping property: eureka-client.ribbon.ActiveConnectionsLimit to use NEXT property: niws.loadbalancer.availabilityFilteringRule.activeConnectionsLimit = 2147483647
2018-08-09 09:03:51.142  INFO [eureka-consumer-ribbon,ca478b85334a46f7,cc5c0f7c45690a08,false] 6728 --- [hystrix-ConsumerService-3] c.e.e.controller.DcController            : consumer======start
2018-08-09 09:04:23.777  INFO [eureka-consumer-ribbon,83891634e4e652de,fb432814ad1c8491,false] 6728 --- [hystrix-ConsumerService-4] c.e.e.controller.DcController            : consumer======start
2018-08-09 09:08:29.503  INFO [eureka-consumer-ribbon,,,] 6728 --- [AsyncResolver-bootstrap-executor-0] c.n.d.s.r.aws.ConfigClusterResolver      : Resolving eureka endpoints via configuration
2018-08-09 09:13:29.521  INFO [eureka-consumer-ribbon,,,] 6728 --- [AsyncResolver-bootstrap-executor-0] c.n.d.s.r.aws.ConfigClusterResolver      : Resolving eureka endpoints via configuration
2018-08-09 09:13:57.811  WARN [eureka-consumer-ribbon,,,] 6728 --- [DiscoveryClient-0] c.netflix.discovery.TimedSupervisorTask  : task supervisor timed out

java.util.concurrent.TimeoutException: null
	at java.util.concurrent.FutureTask.get(FutureTask.java:205) [na:1.8.0_181]
	at com.netflix.discovery.TimedSupervisorTask.run(TimedSupervisorTask.java:64) ~[eureka-client-1.9.2.jar:1.9.2]
	at java.util.concurrent.Executors$RunnableAdapter.call(Executors.java:511) [na:1.8.0_181]
	at java.util.concurrent.FutureTask.run(FutureTask.java:266) [na:1.8.0_181]
	at java.util.concurrent.ScheduledThreadPoolExecutor$ScheduledFutureTask.access$201(ScheduledThreadPoolExecutor.java:180) [na:1.8.0_181]
	at java.util.concurrent.ScheduledThreadPoolExecutor$ScheduledFutureTask.run(ScheduledThreadPoolExecutor.java:293) [na:1.8.0_181]
	at java.util.concurrent.ThreadPoolExecutor.runWorker(ThreadPoolExecutor.java:1149) [na:1.8.0_181]
	at java.util.concurrent.ThreadPoolExecutor$Worker.run(ThreadPoolExecutor.java:624) [na:1.8.0_181]
	at java.lang.Thread.run(Thread.java:748) [na:1.8.0_181]

2018-08-09 09:18:29.538  INFO [eureka-consumer-ribbon,,,] 6728 --- [AsyncResolver-bootstrap-executor-0] c.n.d.s.r.aws.ConfigClusterResolver      : Resolving eureka endpoints via configuration
2018-08-09 09:22:03.325  WARN [eureka-consumer-ribbon,,,] 6728 --- [DiscoveryClient-1] c.netflix.discovery.TimedSupervisorTask  : task supervisor timed out

java.util.concurrent.TimeoutException: null
	at java.util.concurrent.FutureTask.get(FutureTask.java:205) [na:1.8.0_181]
	at com.netflix.discovery.TimedSupervisorTask.run(TimedSupervisorTask.java:64) ~[eureka-client-1.9.2.jar:1.9.2]
	at java.util.concurrent.Executors$RunnableAdapter.call(Executors.java:511) [na:1.8.0_181]
	at java.util.concurrent.FutureTask.run(FutureTask.java:266) [na:1.8.0_181]
	at java.util.concurrent.ScheduledThreadPoolExecutor$ScheduledFutureTask.access$201(ScheduledThreadPoolExecutor.java:180) [na:1.8.0_181]
	at java.util.concurrent.ScheduledThreadPoolExecutor$ScheduledFutureTask.run(ScheduledThreadPoolExecutor.java:293) [na:1.8.0_181]
	at java.util.concurrent.ThreadPoolExecutor.runWorker(ThreadPoolExecutor.java:1149) [na:1.8.0_181]
	at java.util.concurrent.ThreadPoolExecutor$Worker.run(ThreadPoolExecutor.java:624) [na:1.8.0_181]
	at java.lang.Thread.run(Thread.java:748) [na:1.8.0_181]

2018-08-09 09:22:06.327  WARN [eureka-consumer-ribbon,,,] 6728 --- [DiscoveryClient-0] c.netflix.discovery.TimedSupervisorTask  : task supervisor timed out

java.util.concurrent.TimeoutException: null
	at java.util.concurrent.FutureTask.get(FutureTask.java:205) [na:1.8.0_181]
	at com.netflix.discovery.TimedSupervisorTask.run(TimedSupervisorTask.java:64) ~[eureka-client-1.9.2.jar:1.9.2]
	at java.util.concurrent.Executors$RunnableAdapter.call(Executors.java:511) [na:1.8.0_181]
	at java.util.concurrent.FutureTask.run(FutureTask.java:266) [na:1.8.0_181]
	at java.util.concurrent.ScheduledThreadPoolExecutor$ScheduledFutureTask.access$201(ScheduledThreadPoolExecutor.java:180) [na:1.8.0_181]
	at java.util.concurrent.ScheduledThreadPoolExecutor$ScheduledFutureTask.run(ScheduledThreadPoolExecutor.java:293) [na:1.8.0_181]
	at java.util.concurrent.ThreadPoolExecutor.runWorker(ThreadPoolExecutor.java:1149) [na:1.8.0_181]
	at java.util.concurrent.ThreadPoolExecutor$Worker.run(ThreadPoolExecutor.java:624) [na:1.8.0_181]
	at java.lang.Thread.run(Thread.java:748) [na:1.8.0_181]

2018-08-09 09:23:29.555  INFO [eureka-consumer-ribbon,,,] 6728 --- [AsyncResolver-bootstrap-executor-0] c.n.d.s.r.aws.ConfigClusterResolver      : Resolving eureka endpoints via configuration
2018-08-09 09:28:29.572  INFO [eureka-consumer-ribbon,,,] 6728 --- [AsyncResolver-bootstrap-executor-0] c.n.d.s.r.aws.ConfigClusterResolver      : Resolving eureka endpoints via configuration
2018-08-09 09:33:29.589  INFO [eureka-consumer-ribbon,,,] 6728 --- [AsyncResolver-bootstrap-executor-0] c.n.d.s.r.aws.ConfigClusterResolver      : Resolving eureka endpoints via configuration
2018-08-09 09:38:29.606  INFO [eureka-consumer-ribbon,,,] 6728 --- [AsyncResolver-bootstrap-executor-0] c.n.d.s.r.aws.ConfigClusterResolver      : Resolving eureka endpoints via configuration
2018-08-09 09:43:29.623  INFO [eureka-consumer-ribbon,,,] 6728 --- [AsyncResolver-bootstrap-executor-0] c.n.d.s.r.aws.ConfigClusterResolver      : Resolving eureka endpoints via configuration
2018-08-09 09:48:29.640  INFO [eureka-consumer-ribbon,,,] 6728 --- [AsyncResolver-bootstrap-executor-0] c.n.d.s.r.aws.ConfigClusterResolver      : Resolving eureka endpoints via configuration
2018-08-09 09:53:29.657  INFO [eureka-consumer-ribbon,,,] 6728 --- [AsyncResolver-bootstrap-executor-0] c.n.d.s.r.aws.ConfigClusterResolver      : Resolving eureka endpoints via configuration
2018-08-09 09:58:29.674  INFO [eureka-consumer-ribbon,,,] 6728 --- [AsyncResolver-bootstrap-executor-0] c.n.d.s.r.aws.ConfigClusterResolver      : Resolving eureka endpoints via configuration
2018-08-09 10:03:29.691  INFO [eureka-consumer-ribbon,,,] 6728 --- [AsyncResolver-bootstrap-executor-0] c.n.d.s.r.aws.ConfigClusterResolver      : Resolving eureka endpoints via configuration
2018-08-09 10:08:29.708  INFO [eureka-consumer-ribbon,,,] 6728 --- [AsyncResolver-bootstrap-executor-0] c.n.d.s.r.aws.ConfigClusterResolver      : Resolving eureka endpoints via configuration
2018-08-09 10:13:29.725  INFO [eureka-consumer-ribbon,,,] 6728 --- [AsyncResolver-bootstrap-executor-0] c.n.d.s.r.aws.ConfigClusterResolver      : Resolving eureka endpoints via configuration
2018-08-09 10:18:29.742  INFO [eureka-consumer-ribbon,,,] 6728 --- [AsyncResolver-bootstrap-executor-0] c.n.d.s.r.aws.ConfigClusterResolver      : Resolving eureka endpoints via configuration
2018-08-09 10:23:29.759  INFO [eureka-consumer-ribbon,,,] 6728 --- [AsyncResolver-bootstrap-executor-0] c.n.d.s.r.aws.ConfigClusterResolver      : Resolving eureka endpoints via configuration
2018-08-09 10:28:29.776  INFO [eureka-consumer-ribbon,,,] 6728 --- [AsyncResolver-bootstrap-executor-0] c.n.d.s.r.aws.ConfigClusterResolver      : Resolving eureka endpoints via configuration
2018-08-09 10:33:29.793  INFO [eureka-consumer-ribbon,,,] 6728 --- [AsyncResolver-bootstrap-executor-0] c.n.d.s.r.aws.ConfigClusterResolver      : Resolving eureka endpoints via configuration
2018-08-09 10:38:29.810  INFO [eureka-consumer-ribbon,,,] 6728 --- [AsyncResolver-bootstrap-executor-0] c.n.d.s.r.aws.ConfigClusterResolver      : Resolving eureka endpoints via configuration
2018-08-09 10:43:29.827  INFO [eureka-consumer-ribbon,,,] 6728 --- [AsyncResolver-bootstrap-executor-0] c.n.d.s.r.aws.ConfigClusterResolver      : Resolving eureka endpoints via configuration
2018-08-09 10:48:29.844  INFO [eureka-consumer-ribbon,,,] 6728 --- [AsyncResolver-bootstrap-executor-0] c.n.d.s.r.aws.ConfigClusterResolver      : Resolving eureka endpoints via configuration
2018-08-09 10:53:29.861  INFO [eureka-consumer-ribbon,,,] 6728 --- [AsyncResolver-bootstrap-executor-0] c.n.d.s.r.aws.ConfigClusterResolver      : Resolving eureka endpoints via configuration
2018-08-09 10:58:29.877  INFO [eureka-consumer-ribbon,,,] 6728 --- [AsyncResolver-bootstrap-executor-0] c.n.d.s.r.aws.ConfigClusterResolver      : Resolving eureka endpoints via configuration
2018-08-09 11:03:29.895  INFO [eureka-consumer-ribbon,,,] 6728 --- [AsyncResolver-bootstrap-executor-0] c.n.d.s.r.aws.ConfigClusterResolver      : Resolving eureka endpoints via configuration
